Build started 2014/10/20 18:44:01.
     1>Project "E:\MyProjects\OSGRelated\TileMapRender\TileMapRender\TileMapRender.vcxproj" on node 2 (Build target(s)).
     1>ClCompile:
         C:\Program Files (x86)\Microsoft Visual Studio 10.0\VC\bin\CL.exe /c /Zi /nologo /W3 /WX- /O2 /Oi /Oy- /GL /D WIN32 /D NDEBUG /D _CONSOLE /D _LIB /D _UNICODE /D UNICODE /Gm- /EHsc /MD /GS /Gy /fp:precise /Zc:wchar_t /Zc:forScope /Yu"StdAfx.h" /Fp"Release\TileMapRender.pch" /Fo"Release\\" /Fd"Release\vc100.pdb" /Gd /TP /analyze- /errorReport:prompt ImageLayerWrapper.cpp
         ImageLayerWrapper.cpp
       Link:
         C:\Program Files (x86)\Microsoft Visual Studio 10.0\VC\bin\link.exe /ERRORREPORT:PROMPT /OUT:"E:\MyProjects\OSGRelated\TileMapRender\Release\TileMapRender.exe" /INCREMENTAL:NO /NOLOGO osg.lib osgEarth.lib osgEarthSymbology.lib osgEarthUtil.lib gdal_i.lib osgGA.lib osgViewer.lib kernel32.lib user32.lib gdi32.lib winspool.lib comdlg32.lib advapi32.lib shell32.lib ole32.lib oleaut32.lib uuid.lib odbc32.lib odbccp32.lib /MANIFEST /ManifestFile:"Release\TileMapRender.exe.intermediate.manifest" /MANIFESTUAC:"level='asInvoker' uiAccess='false'" /DEBUG /PDB:"E:\MyProjects\OSGRelated\TileMapRender\Release\TileMapRender.pdb" /SUBSYSTEM:CONSOLE /OPT:REF /OPT:ICF /LTCG /TLBID:1 /DYNAMICBASE /NXCOMPAT /IMPLIB:"E:\MyProjects\OSGRelated\TileMapRender\Release\TileMapRender.lib" /MACHINE:X86 Release\ImageLayerWrapper.obj
         Release\TMSOptionsWrapper.obj
         Release\stdafx.obj
         Release\TileMapRender.obj
         Release\TileSourceOptionsWrapper.obj
            Creating library E:\MyProjects\OSGRelated\TileMapRender\Release\TileMapRender.lib and object E:\MyProjects\OSGRelated\TileMapRender\Release\TileMapRender.exp
         Generating code
         Finished generating code
         TileMapRender.vcxproj -> E:\MyProjects\OSGRelated\TileMapRender\Release\TileMapRender.exe
       Manifest:
         C:\Program Files (x86)\Microsoft SDKs\Windows\v7.0A\bin\mt.exe /nologo /verbose /outputresource:"E:\MyProjects\OSGRelated\TileMapRender\Release\TileMapRender.exe;#1" /manifest Release\TileMapRender.exe.intermediate.manifest
     1>Done Building Project "E:\MyProjects\OSGRelated\TileMapRender\TileMapRender\TileMapRender.vcxproj" (Build target(s)).

Build succeeded.

Time Elapsed 00:00:10.93
