e:\myprojects\osgrelated\tilemaprender\tilemaprender\release\tilesourceoptionswrapper.obj
e:\myprojects\osgrelated\tilemaprender\tilemaprender\release\tilemaprender.obj
e:\myprojects\osgrelated\tilemaprender\tilemaprender\release\mytmsoptions.obj
e:\myprojects\osgrelated\tilemaprender\tilemaprender\release\imagelayerwrapper.obj
e:\myprojects\osgrelated\tilemaprender\tilemaprender\release\tilemaprender.pch
e:\myprojects\osgrelated\tilemaprender\tilemaprender\release\stdafx.obj
e:\myprojects\osgrelated\tilemaprender\tilemaprender\release\vc100.pdb
e:\myprojects\osgrelated\tilemaprender\release\tilemaprender.exe
e:\myprojects\osgrelated\tilemaprender\tilemaprender\release\tilemaprender.exe.intermediate.manifest
e:\myprojects\osgrelated\tilemaprender\release\tilemaprender.pdb
e:\myprojects\osgrelated\tilemaprender\release\tilemaprender.lib
e:\myprojects\osgrelated\tilemaprender\release\tilemaprender.exp
e:\myprojects\osgrelated\tilemaprender\tilemaprender\release\cl.command.1.tlog
e:\myprojects\osgrelated\tilemaprender\tilemaprender\release\cl.read.1.tlog
e:\myprojects\osgrelated\tilemaprender\tilemaprender\release\cl.write.1.tlog
e:\myprojects\osgrelated\tilemaprender\tilemaprender\release\link.command.1.tlog
e:\myprojects\osgrelated\tilemaprender\tilemaprender\release\link.read.1.tlog
e:\myprojects\osgrelated\tilemaprender\tilemaprender\release\link.write.1.tlog
e:\myprojects\osgrelated\tilemaprender\tilemaprender\release\mt.command.1.tlog
e:\myprojects\osgrelated\tilemaprender\tilemaprender\release\mt.read.1.tlog
e:\myprojects\osgrelated\tilemaprender\tilemaprender\release\mt.write.1.tlog
e:\myprojects\osgrelated\tilemaprender\tilemaprender\release\tilemaprender.write.1.tlog
