e:\myprojects\osgrelated\terrianlod\debug\terrain.bsc
e:\myprojects\osgrelated\terrianlod\debug\vc120.pdb
e:\myprojects\osgrelated\terrianlod\debug\vc120.idb
e:\myprojects\osgrelated\terrianlod\intermediate\debug\vector3.sbr
e:\myprojects\osgrelated\terrianlod\intermediate\debug\terrain.sbr
e:\myprojects\osgrelated\terrianlod\intermediate\debug\stdafx.sbr
e:\myprojects\osgrelated\terrianlod\intermediate\debug\skybox.sbr
e:\myprojects\osgrelated\terrianlod\intermediate\debug\main.sbr
e:\myprojects\osgrelated\terrianlod\intermediate\debug\lod.sbr
e:\myprojects\osgrelated\terrianlod\intermediate\debug\camera.sbr
e:\myprojects\osgrelated\terrianlod\intermediate\debug\bmploader.sbr
e:\myprojects\osgrelated\terrianlod\debug\bmploader.obj
e:\myprojects\osgrelated\terrianlod\debug\camera.obj
e:\myprojects\osgrelated\terrianlod\debug\lod.obj
e:\myprojects\osgrelated\terrianlod\debug\main.obj
e:\myprojects\osgrelated\terrianlod\debug\skybox.obj
e:\myprojects\osgrelated\terrianlod\debug\stdafx.obj
e:\myprojects\osgrelated\terrianlod\debug\terrain.obj
e:\myprojects\osgrelated\terrianlod\debug\vector3.obj
e:\myprojects\osgrelated\terrianlod\debug\terrain.ilk
e:\myprojects\osgrelated\terrianlod\debug\terrain.exe
e:\myprojects\osgrelated\terrianlod\debug\terrain.pdb
e:\myprojects\osgrelated\terrianlod\intermediate\debug\terrain.tlog\bscmake.command.1.tlog
e:\myprojects\osgrelated\terrianlod\intermediate\debug\terrain.tlog\bscmake.read.1.tlog
e:\myprojects\osgrelated\terrianlod\intermediate\debug\terrain.tlog\bscmake.write.1.tlog
e:\myprojects\osgrelated\terrianlod\intermediate\debug\terrain.tlog\cl.command.1.tlog
e:\myprojects\osgrelated\terrianlod\intermediate\debug\terrain.tlog\cl.read.1.tlog
e:\myprojects\osgrelated\terrianlod\intermediate\debug\terrain.tlog\cl.write.1.tlog
e:\myprojects\osgrelated\terrianlod\intermediate\debug\terrain.tlog\link.command.1.tlog
e:\myprojects\osgrelated\terrianlod\intermediate\debug\terrain.tlog\link.read.1.tlog
e:\myprojects\osgrelated\terrianlod\intermediate\debug\terrain.tlog\link.write.1.tlog
