Build started 2014/10/19 20:50:08.
     1>Project "E:\MyProjects\OSGRelated\TileMapRender\TileMapRender\TileMapRender.vcxproj" on node 2 (Build target(s)).
     1>ClCompile:
         C:\Program Files (x86)\Microsoft Visual Studio 10.0\VC\bin\CL.exe /c /ZI /nologo /W3 /WX- /Od /Oy- /D WIN32 /D _DEBUG /D _CONSOLE /D _LIB /D _UNICODE /D UNICODE /Gm /EHsc /RTC1 /MDd /GS /fp:precise /Zc:wchar_t /Zc:forScope /Yu"StdAfx.h" /Fp"Debug\TileMapRender.pch" /Fo"Debug\\" /Fd"Debug\vc100.pdb" /Gd /TP /analyze- /errorReport:prompt MyTMSOptions.cpp TileMapRender.cpp TileSourceOptionsWrapper.cpp
         TileMapRender.cpp
         Generating Code...
         Skipping... (no relevant changes detected)
         TileSourceOptionsWrapper.cpp
         MyTMSOptions.cpp
       Link:
         C:\Program Files (x86)\Microsoft Visual Studio 10.0\VC\bin\link.exe /ERRORREPORT:PROMPT /OUT:"E:\MyProjects\OSGRelated\TileMapRender\Debug\TileMapRender.exe" /INCREMENTAL:NO /NOLOGO osgd.lib gdal_i.lib osgGAd.lib osgViewerd.lib osgManipulatord.lib osgEarthd.lib osgEarthSymbologyd.lib osgEarthUtild.lib kernel32.lib user32.lib gdi32.lib winspool.lib comdlg32.lib advapi32.lib shell32.lib ole32.lib oleaut32.lib uuid.lib odbc32.lib odbccp32.lib /MANIFEST /ManifestFile:"Debug\TileMapRender.exe.intermediate.manifest" /MANIFESTUAC:"level='asInvoker' uiAccess='false'" /DEBUG /PDB:"E:\MyProjects\OSGRelated\TileMapRender\Debug\TileMapRender.pdb" /SUBSYSTEM:CONSOLE /TLBID:1 /DYNAMICBASE /NXCOMPAT /IMPLIB:"E:\MyProjects\OSGRelated\TileMapRender\Debug\TileMapRender.lib" /MACHINE:X86 Debug\MyTMSOptions.obj
         Debug\stdafx.obj
         Debug\TileMapRender.obj
         Debug\TileSourceOptionsWrapper.obj
     1>MyTMSOptions.obj : warning LNK4075: ignoring '/EDITANDCONTINUE' due to '/INCREMENTAL:NO' specification
         TileMapRender.vcxproj -> E:\MyProjects\OSGRelated\TileMapRender\Debug\TileMapRender.exe
       Manifest:
         C:\Program Files (x86)\Microsoft SDKs\Windows\v7.0A\bin\mt.exe /nologo /verbose /outputresource:"E:\MyProjects\OSGRelated\TileMapRender\Debug\TileMapRender.exe;#1" /manifest Debug\TileMapRender.exe.intermediate.manifest
     1>Done Building Project "E:\MyProjects\OSGRelated\TileMapRender\TileMapRender\TileMapRender.vcxproj" (Build target(s)).

Build succeeded.

Time Elapsed 00:00:06.26
