e:\myprojects\osgrelated\tilemaprender\tilemaprender\debug\tilemaprender.pch
e:\myprojects\osgrelated\tilemaprender\tilemaprender\debug\stdafx.obj
e:\myprojects\osgrelated\tilemaprender\tilemaprender\debug\vc100.pdb
e:\myprojects\osgrelated\tilemaprender\tilemaprender\debug\tilemaprender.obj
e:\myprojects\osgrelated\tilemaprender\tilemaprender\debug\tilemaprender.exe.embed.manifest.res
e:\myprojects\osgrelated\tilemaprender\tilemaprender\debug\cl.command.1.tlog
e:\myprojects\osgrelated\tilemaprender\tilemaprender\debug\cl.read.1.tlog
e:\myprojects\osgrelated\tilemaprender\tilemaprender\debug\cl.write.1.tlog
e:\myprojects\osgrelated\tilemaprender\tilemaprender\debug\link.command.1.tlog
e:\myprojects\osgrelated\tilemaprender\tilemaprender\debug\link.read.1.tlog
e:\myprojects\osgrelated\tilemaprender\tilemaprender\debug\link.write.1.tlog
e:\myprojects\osgrelated\tilemaprender\tilemaprender\debug\rc.command.1.tlog
e:\myprojects\osgrelated\tilemaprender\tilemaprender\debug\rc.read.1.tlog
e:\myprojects\osgrelated\tilemaprender\tilemaprender\debug\rc.write.1.tlog
e:\myprojects\osgrelated\tilemaprender\tilemaprender\debug\tilemaprender.exe.embed.manifest
e:\myprojects\osgrelated\tilemaprender\tilemaprender\debug\vc100.idb
e:\myprojects\osgrelated\tilemaprender\tilemaprender\debug\vc120.idb
e:\myprojects\osgrelated\tilemaprender\tilemaprender\debug\vc120.pdb
e:\myprojects\osgrelated\tilemaprender\tilemaprender\debug\tilemaprender_manifest.rc
e:\myprojects\osgrelated\tilemaprender\debug\tilemaprender.pdb
